d:\git\iad-work\les 6\les6\obj\debug\main.obj
d:\git\iad-work\les 6\les6\obj\debug\vc140.pdb
d:\git\iad-work\les 6\les6\obj\debug\ofapp.obj
d:\git\iad-work\les 6\les6\bin\les6_debug.lib
d:\git\iad-work\les 6\les6\bin\les6_debug.exp
d:\git\iad-work\les 6\les6\bin\les6_debug.ilk
d:\git\iad-work\les 6\les6\bin\les6_debug.exe
d:\git\iad-work\les 6\les6\bin\les6_debug.pdb
d:\git\iad-work\les 6\les6\obj\debug\icon.res
d:\git\iad-work\les 6\les6\obj\debug\les6.vcxprojresolveassemblyreference.cache
d:\git\iad-work\les 6\les6\obj\debug\les6.tlog\cl.command.1.tlog
d:\git\iad-work\les 6\les6\obj\debug\les6.tlog\cl.read.1.tlog
d:\git\iad-work\les 6\les6\obj\debug\les6.tlog\cl.write.1.tlog
d:\git\iad-work\les 6\les6\obj\debug\les6.tlog\les6.write.1u.tlog
d:\git\iad-work\les 6\les6\obj\debug\les6.tlog\link.command.1.tlog
d:\git\iad-work\les 6\les6\obj\debug\les6.tlog\link.read.1.tlog
d:\git\iad-work\les 6\les6\obj\debug\les6.tlog\link.write.1.tlog
d:\git\iad-work\les 6\les6\obj\debug\les6.tlog\rc.command.1.tlog
d:\git\iad-work\les 6\les6\obj\debug\les6.tlog\rc.read.1.tlog
d:\git\iad-work\les 6\les6\obj\debug\les6.tlog\rc.write.1.tlog
